{
  "RSpec": {
    "coverage": {
      "/Users/nathanaldrichwiryawan/Documents/SUTD/Term5/Service Design Studio/TEST/1d-final-project-2023-sds-2023-team-07-8a6d019b2e8ec66e8bb4aa6d550b535462b68f3e/backend-api/app/models/transaction.rb": {
        "lines": [
          1,
          1,
          1,
          null,
          1,
          1,
          null,
          null,
          1,
          1,
          33,
          null,
          1,
          null,
          1,
          9,
          null,
          null,
          9,
          0,
          0,
          null,
          null,
          9,
          null,
          null,
          9,
          1,
          1,
          null,
          null,
          8,
          4,
          null,
          null,
          1,
          16,
          8,
          8,
          null,
          8,
          8,
          null,
          null,
          null,
          null,
          16,
          16,
          16,
          null,
          null,
          null,
          1,
          null,
          null,
          1,
          11,
          null,
          null,
          1,
          32,
          0,
          null,
          null,
          null,
          1,
          32,
          0,
          null,
          null,
          null,
          null
        ]
      },
      "/Users/nathanaldrichwiryawan/Documents/SUTD/Term5/Service Design Studio/TEST/1d-final-project-2023-sds-2023-team-07-8a6d019b2e8ec66e8bb4aa6d550b535462b68f3e/backend-api/app/models/application_record.rb": {
        "lines": [
          1,
          1,
          null
        ]
      },
      "/Users/nathanaldrichwiryawan/Documents/SUTD/Term5/Service Design Studio/TEST/1d-final-project-2023-sds-2023-team-07-8a6d019b2e8ec66e8bb4aa6d550b535462b68f3e/backend-api/app/controllers/atm_machines_controller.rb": {
        "lines": [
          1,
          null,
          1,
          5,
          5,
          2,
          null,
          3,
          null,
          null,
          null,
          null,
          1,
          1,
          1,
          null,
          null,
          null,
          1,
          3,
          1,
          null,
          null,
          null,
          null,
          1,
          5,
          3,
          2,
          null,
          1,
          null,
          null,
          null,
          null,
          1,
          4,
          2,
          1,
          null,
          0,
          null,
          null,
          null,
          null,
          null,
          null,
          1,
          8,
          null,
          null
        ]
      },
      "/Users/nathanaldrichwiryawan/Documents/SUTD/Term5/Service Design Studio/TEST/1d-final-project-2023-sds-2023-team-07-8a6d019b2e8ec66e8bb4aa6d550b535462b68f3e/backend-api/app/controllers/application_controller.rb": {
        "lines": [
          1,
          1,
          null,
          1,
          null,
          null,
          1,
          0,
          null,
          null,
          1,
          null,
          1,
          30,
          null,
          null,
          null
        ]
      },
      "/Users/nathanaldrichwiryawan/Documents/SUTD/Term5/Service Design Studio/TEST/1d-final-project-2023-sds-2023-team-07-8a6d019b2e8ec66e8bb4aa6d550b535462b68f3e/backend-api/app/controllers/authentication_controller.rb": {
        "lines": [
          1,
          null,
          null,
          1,
          1,
          null,
          1,
          3,
          3,
          3,
          2,
          null,
          2,
          1,
          null,
          1,
          null,
          null,
          1,
          null,
          null,
          null,
          1,
          3,
          3,
          3,
          2,
          null,
          2,
          1,
          null,
          1,
          null,
          null,
          1,
          null,
          null,
          null,
          null,
          1,
          null,
          1,
          2,
          null,
          null,
          null,
          2,
          null,
          2,
          null,
          null,
          null,
          null,
          null,
          null,
          2,
          1,
          1,
          1,
          null,
          null,
          1,
          null,
          null
        ]
      },
      "/Users/nathanaldrichwiryawan/Documents/SUTD/Term5/Service Design Studio/TEST/1d-final-project-2023-sds-2023-team-07-8a6d019b2e8ec66e8bb4aa6d550b535462b68f3e/backend-api/app/controllers/sessions_controller.rb": {
        "lines": [
          1,
          null,
          1,
          3,
          1,
          1,
          null,
          2,
          2,
          2,
          2,
          null,
          null,
          null,
          2,
          null,
          1,
          1,
          null,
          null,
          null,
          1,
          null,
          null,
          null,
          null,
          1,
          null,
          1,
          1,
          null,
          null,
          null,
          1,
          null,
          2,
          1,
          null,
          null,
          1,
          null,
          null,
          null,
          null
        ]
      },
      "/Users/nathanaldrichwiryawan/Documents/SUTD/Term5/Service Design Studio/TEST/1d-final-project-2023-sds-2023-team-07-8a6d019b2e8ec66e8bb4aa6d550b535462b68f3e/backend-api/app/controllers/transactions_controller.rb": {
        "lines": [
          1,
          1,
          1,
          1,
          null,
          null,
          1,
          1,
          null,
          null,
          null,
          1,
          6,
          2,
          null,
          4,
          null,
          null,
          null,
          1,
          1,
          0,
          null,
          1,
          null,
          null,
          null,
          null,
          1,
          0,
          0,
          null,
          0,
          null,
          null,
          null,
          null,
          1,
          1,
          0,
          0,
          null,
          1,
          1,
          null,
          0,
          null,
          null,
          null,
          1,
          null,
          1,
          23,
          23,
          null,
          23,
          6,
          null,
          null,
          null,
          null,
          1,
          6,
          6,
          4,
          null,
          null,
          null,
          null,
          1,
          10,
          10,
          4,
          null,
          null,
          null,
          1,
          6,
          null,
          null
        ]
      },
      "/Users/nathanaldrichwiryawan/Documents/SUTD/Term5/Service Design Studio/TEST/1d-final-project-2023-sds-2023-team-07-8a6d019b2e8ec66e8bb4aa6d550b535462b68f3e/backend-api/app/controllers/users_controller.rb": {
        "lines": [
          1,
          1,
          null,
          null,
          1,
          5,
          4,
          1,
          null,
          3,
          null,
          null,
          null,
          null,
          1,
          1,
          1,
          null,
          null,
          null,
          1,
          3,
          2,
          null,
          1,
          null,
          null,
          null,
          null,
          1,
          4,
          1,
          null,
          3,
          null,
          null,
          null,
          null,
          1,
          2,
          1,
          null,
          0,
          null,
          null,
          null,
          1,
          null,
          1,
          9,
          null,
          null,
          1,
          11,
          11,
          4,
          null,
          null,
          null
        ]
      },
      "/Users/nathanaldrichwiryawan/Documents/SUTD/Term5/Service Design Studio/TEST/1d-final-project-2023-sds-2023-team-07-8a6d019b2e8ec66e8bb4aa6d550b535462b68f3e/backend-api/app/models/user.rb": {
        "lines": [
          1,
          1,
          null,
          null,
          1,
          null,
          null,
          1,
          null,
          1,
          8,
          null,
          null,
          1,
          8,
          5,
          null,
          null
        ]
      },
      "/Users/nathanaldrichwiryawan/Documents/SUTD/Term5/Service Design Studio/TEST/1d-final-project-2023-sds-2023-team-07-8a6d019b2e8ec66e8bb4aa6d550b535462b68f3e/backend-api/app/services/rekognition_service.rb": {
        "lines": [
          1,
          1,
          null,
          1,
          1,
          10,
          null,
          null,
          10,
          null,
          10,
          null,
          null,
          null,
          null,
          null,
          null,
          7,
          4,
          4,
          4,
          null,
          null,
          3,
          null,
          null
        ]
      },
      "/Users/nathanaldrichwiryawan/Documents/SUTD/Term5/Service Design Studio/TEST/1d-final-project-2023-sds-2023-team-07-8a6d019b2e8ec66e8bb4aa6d550b535462b68f3e/backend-api/app/models/atm_machine.rb": {
        "lines": [
          1,
          1,
          null,
          null,
          1,
          1,
          null,
          null
        ]
      },
      "/Users/nathanaldrichwiryawan/Documents/SUTD/Term5/Service Design Studio/TEST/1d-final-project-2023-sds-2023-team-07-8a6d019b2e8ec66e8bb4aa6d550b535462b68f3e/backend-api/app/channels/application_cable/channel.rb": {
        "lines": [
          0,
          0,
          0,
          0
        ],
        "branches": {
        }
      },
      "/Users/nathanaldrichwiryawan/Documents/SUTD/Term5/Service Design Studio/TEST/1d-final-project-2023-sds-2023-team-07-8a6d019b2e8ec66e8bb4aa6d550b535462b68f3e/backend-api/app/channels/application_cable/connection.rb": {
        "lines": [
          0,
          0,
          0,
          0
        ],
        "branches": {
        }
      },
      "/Users/nathanaldrichwiryawan/Documents/SUTD/Term5/Service Design Studio/TEST/1d-final-project-2023-sds-2023-team-07-8a6d019b2e8ec66e8bb4aa6d550b535462b68f3e/backend-api/app/jobs/application_job.rb": {
        "lines": [
          0,
          null,
          null,
          null,
          null,
          null,
          0
        ],
        "branches": {
        }
      },
      "/Users/nathanaldrichwiryawan/Documents/SUTD/Term5/Service Design Studio/TEST/1d-final-project-2023-sds-2023-team-07-8a6d019b2e8ec66e8bb4aa6d550b535462b68f3e/backend-api/app/mailers/application_mailer.rb": {
        "lines": [
          0,
          0,
          0,
          0
        ],
        "branches": {
        }
      }
    },
    "timestamp": 1691933123
  }
}
